#
# A fatal error has been detected by the Java Runtime Environment:
#
#  SIGSEGV (0xb) at pc=0x0000000198eb9bdc, pid=6363, tid=17667
#
# JRE version: Java(TM) SE Runtime Environment (9.0+11) (build 9.0.1+11)
# Java VM: Java HotSpot(TM) 64-Bit Server VM (9.0.1+11, mixed mode, tiered, compressed oops, g1 gc, bsd-amd64)
# Problematic frame:
# C  [libLeap.dylib+0x27bdc]  _ZNK4Leap14InteractionBox9toCStringEv+0x2f8c
#
# No core dump will be written. Core dumps have been disabled. To enable core dumping, try "ulimit -c unlimited" before starting Java again
#
# If you would like to submit a bug report, please visit:
#   http://bugreport.java.com/bugreport/crash.jsp
# The crash happened outside the Java Virtual Machine in native code.
# See problematic frame for where to report the bug.
#

---------------  S U M M A R Y ------------

Command Line: -Djava.library.path=/Users/samuel/Downloads/LeapDeveloperKit_2.3.1+31549_mac/LeapSDK/lib -javaagent:/Applications/IntelliJ IDEA CE.app/Contents/lib/idea_rt.jar=56241:/Applications/IntelliJ IDEA CE.app/Contents/bin -Dfile.encoding=UTF-8 leapCode.MainWindow

Host: MacBookPro14,2 x86_64 3100 MHz, 4 cores, 8G, Darwin 16.7.0
Time: Tue Jan 23 13:18:48 2018 CET elapsed time: 9 seconds (0d 0h 0m 9s)

---------------  T H R E A D  ---------------

Current thread (0x00007fd5c705f800):  JavaThread "Finalizer" daemon [_thread_in_native, id=17667, stack(0x000070000afb4000,0x000070000b0b4000)]

Stack: [0x000070000afb4000,0x000070000b0b4000],  sp=0x000070000b0b37e0,  free space=1021k
Native frames: (J=compiled Java code, A=aot compiled Java code, j=interpreted, Vv=VM code, C=native code)
C  [libLeap.dylib+0x27bdc]  _ZNK4Leap14InteractionBox9toCStringEv+0x2f8c
C  [libLeap.dylib+0xcf4f]  _ZN4Leap10ControllerD0Ev+0x3f
j  com.leapmotion.leap.LeapJNI.delete_Controller(J)V+0
J 1651 c1 com.leapmotion.leap.Controller.delete()V (38 bytes) @ 0x00000001143613a4 [0x00000001143611e0+0x00000000000001c4]
J 1650 c1 com.leapmotion.leap.Controller.finalize()V (5 bytes) @ 0x0000000114360e44 [0x0000000114360dc0+0x0000000000000084]
J 1357 c1 java.lang.ref.Finalizer.runFinalizer(Ljdk/internal/misc/JavaLangAccess;)V java.base@9.0.1 (62 bytes) @ 0x00000001142ee6a4 [0x00000001142ee120+0x0000000000000584]
J 1356 c1 java.lang.ref.Finalizer.access$100(Ljava/lang/ref/Finalizer;Ljdk/internal/misc/JavaLangAccess;)V java.base@9.0.1 (6 bytes) @ 0x00000001142edd14 [0x00000001142edcc0+0x0000000000000054]
j  java.lang.ref.Finalizer$FinalizerThread.run()V+46 java.base@9.0.1
v  ~StubRoutines::call_stub
V  [libjvm.dylib+0x3a270d]
V  [libjvm.dylib+0x3a1c25]
V  [libjvm.dylib+0x3a1cf2]
V  [libjvm.dylib+0x4184c8]
V  [libjvm.dylib+0x6f7810]
V  [libjvm.dylib+0x5ef563]
C  [libsystem_pthread.dylib+0x393b]  _pthread_body+0xb4
C  [libsystem_pthread.dylib+0x3887]  _pthread_body+0x0
C  [libsystem_pthread.dylib+0x308d]  thread_start+0xd
C  0x0000000000000000

Java frames: (J=compiled Java code, j=interpreted, Vv=VM code)
j  com.leapmotion.leap.LeapJNI.delete_Controller(J)V+0
J 1651 c1 com.leapmotion.leap.Controller.delete()V (38 bytes) @ 0x00000001143613a4 [0x00000001143611e0+0x00000000000001c4]
J 1650 c1 com.leapmotion.leap.Controller.finalize()V (5 bytes) @ 0x0000000114360e44 [0x0000000114360dc0+0x0000000000000084]
J 1357 c1 java.lang.ref.Finalizer.runFinalizer(Ljdk/internal/misc/JavaLangAccess;)V java.base@9.0.1 (62 bytes) @ 0x00000001142ee6a4 [0x00000001142ee120+0x0000000000000584]
J 1356 c1 java.lang.ref.Finalizer.access$100(Ljava/lang/ref/Finalizer;Ljdk/internal/misc/JavaLangAccess;)V java.base@9.0.1 (6 bytes) @ 0x00000001142edd14 [0x00000001142edcc0+0x0000000000000054]
j  java.lang.ref.Finalizer$FinalizerThread.run()V+46 java.base@9.0.1
v  ~StubRoutines::call_stub

siginfo: si_signo: 11 (SIGSEGV), si_code: 0 (unknown), si_addr: 0x0000000000000000

Register to memory mapping:

RAX=0xa00007fd5cae021b is an unknown value
RBX=0x00007fd5c5ea8050 is an unknown value
RCX=0x0001980000019800 is an unknown value
RDX=0x00007fd5c5e9e8d0 is an unknown value
RSP=0x000070000b0b37e0 is pointing into the stack for thread: 0x00007fd5c705f800
RBP=0x000070000b0b3830 is pointing into the stack for thread: 0x00007fd5c705f800
RSI=0x0001980000000000 is an unknown value
RDI=0x00007fd5c8735150 is an unknown value
R8 =0x00007fd5c5e9e8c8 is an unknown value
R9 =0x0000000000000000 is an unknown value
R10=0x0000000000000000 is an unknown value
R11=0xffffffff00000000 is an unknown value
R12=0x00007fd5c6a01d20 is an unknown value
R13=0x00007fd5c6a01800 is an unknown value
R14=0x00007fd5c5e9e790 is an unknown value
R15=0x000070000b0b37f8 is pointing into the stack for thread: 0x00007fd5c705f800


Registers:
RAX=0xa00007fd5cae021b, RBX=0x00007fd5c5ea8050, RCX=0x0001980000019800, RDX=0x00007fd5c5e9e8d0
RSP=0x000070000b0b37e0, RBP=0x000070000b0b3830, RSI=0x0001980000000000, RDI=0x00007fd5c8735150
R8 =0x00007fd5c5e9e8c8, R9 =0x0000000000000000, R10=0x0000000000000000, R11=0xffffffff00000000
R12=0x00007fd5c6a01d20, R13=0x00007fd5c6a01800, R14=0x00007fd5c5e9e790, R15=0x000070000b0b37f8
RIP=0x0000000198eb9bdc, EFLAGS=0x0000000000010212, ERR=0x0000000000000000
  TRAPNO=0x000000000000000d

Top of Stack: (sp=0x000070000b0b37e0)
0x000070000b0b37e0:   00007fd5c6a01a18 00007fd5c6a01ca0
0x000070000b0b37f0:   00007fd5c5e9e790 00007fd5c5e9e790
0x000070000b0b3800:   0000000000000001 00007fd5c5ea8050
0x000070000b0b3810:   0000000000000000 0000000198c3e9d0
0x000070000b0b3820:   00007fd5c5e9e860 00007fd5c705f800
0x000070000b0b3830:   000070000b0b3850 0000000198e9ef4f
0x000070000b0b3840:   0000000198c3e9d0 000070000b0b38e0
0x000070000b0b3850:   000070000b0b38b8 0000000113b31db5
0x000070000b0b3860:   000070000b0b3a50 0000000113b31ad3
0x000070000b0b3870:   000070000b0b3870 0000000198c3e9d0
0x000070000b0b3880:   000070000b0b38e0 0000000198c42178
0x000070000b0b3890:   0000000000000000 0000000744208328
0x000070000b0b38a0:   0000000198c3e9d0 0000000000000000
0x000070000b0b38b0:   000070000b0b38f0 000070000b0b3aa8
0x000070000b0b38c0:   00000001143613a4 0000000744208328
0x000070000b0b38d0:   0000000113b2ecf8 00007fd5c5ea8050
0x000070000b0b38e0:   000070000b0b3aa8 00000001143613a4
0x000070000b0b38f0:   000070000b0b3a58 0000000000000000
0x000070000b0b3900:   00000001142ec660 0000000000000001
0x000070000b0b3910:   0000000000000000 00000007441c8698
0x000070000b0b3920:   0000000000000059 00000007441c8698
0x000070000b0b3930:   000070000b0b3960 000070000b0b3960
0x000070000b0b3940:   000070000b0b3aa8 0000000114360e44
0x000070000b0b3950:   0000000000000832 000070000b0b39e0
0x000070000b0b3960:   0000000000000011 0000000743b0f168
0x000070000b0b3970:   000070000b0b39e0 0000000743b04f08
0x000070000b0b3980:   000070000b0b3aa8 00000001142ee6a4
0x000070000b0b3990:   ffffffffffffffff 000000012a24e0e8
0x000070000b0b39a0:   00007fd5c5eb1580 0000000000000000
0x000070000b0b39b0:   0000000743b04f18 0000000743b04f08
0x000070000b0b39c0:   000000074413dcb0 0000000743b04f38
0x000070000b0b39d0:   0000000000000059 000000074413dcb0 

Instructions: (pc=0x0000000198eb9bdc)
0x0000000198eb9bbc:   fe ff 4c 8b 75 c0 4c 8d 7d c8 66 2e 0f 1f 84 00
0x0000000198eb9bcc:   00 00 00 00 4d 39 fe 74 7d 49 8b 7e 20 48 8b 07
0x0000000198eb9bdc:   48 8b 40 28 48 89 de ff d0 49 8b 46 08 48 85 c0
0x0000000198eb9bec:   74 12 66 90 49 89 c6 49 8b 06 48 85 c0 75 f5 eb 


---------------  P R O C E S S  ---------------

Java Threads: ( => current thread )
  0x00007fd5ca045000 JavaThread "DestroyJavaVM" [_thread_blocked, id=3843, stack(0x000070000a001000,0x000070000a101000)]
  0x00007fd5c7400000 JavaThread "TimerQueue" daemon [_thread_blocked, id=78891, stack(0x000070000c68e000,0x000070000c78e000)]
  0x00007fd5c6395800 JavaThread "AWT-EventQueue-0" [_thread_blocked, id=76547, stack(0x000070000c488000,0x000070000c588000)]
  0x00007fd5c7a43800 JavaThread "Java2D Disposer" daemon [_thread_blocked, id=64791, stack(0x000070000bde4000,0x000070000bee4000)]
  0x00007fd5c691d000 JavaThread "Java2D Queue Flusher" daemon [_thread_blocked, id=57355, stack(0x000070000bce1000,0x000070000bde1000)]
  0x00007fd5c732b800 JavaThread "AWT-Shutdown" [_thread_blocked, id=37151, stack(0x000070000ba55000,0x000070000bb55000)]
  0x00007fd5c68c5000 JavaThread "AppKit Thread" daemon [_thread_in_native, id=775, stack(0x00007fff57aa8000,0x00007fff582a8000)]
  0x00007fd5c6023000 JavaThread "Service Thread" daemon [_thread_blocked, id=25347, stack(0x000070000b7cc000,0x000070000b8cc000)]
  0x00007fd5c78b0000 JavaThread "Monitor Ctrl-Break" daemon [_thread_in_native, id=24835, stack(0x000070000b6c9000,0x000070000b7c9000)]
  0x00007fd5c70d6000 JavaThread "Common-Cleaner" daemon [_thread_blocked, id=24323, stack(0x000070000b5c6000,0x000070000b6c6000)]
  0x00007fd5c7055000 JavaThread "Sweeper thread" daemon [_thread_blocked, id=23811, stack(0x000070000b4c3000,0x000070000b5c3000)]
  0x00007fd5c704b800 JavaThread "C1 CompilerThread2" daemon [_thread_blocked, id=23299, stack(0x000070000b3c0000,0x000070000b4c0000)]
  0x00007fd5c786e800 JavaThread "C2 CompilerThread1" daemon [_thread_blocked, id=22787, stack(0x000070000b2bd000,0x000070000b3bd000)]
  0x00007fd5c786d800 JavaThread "C2 CompilerThread0" daemon [_thread_blocked, id=22275, stack(0x000070000b1ba000,0x000070000b2ba000)]
  0x00007fd5c6022000 JavaThread "Signal Dispatcher" daemon [_thread_blocked, id=21763, stack(0x000070000b0b7000,0x000070000b1b7000)]
=>0x00007fd5c705f800 JavaThread "Finalizer" daemon [_thread_in_native, id=17667, stack(0x000070000afb4000,0x000070000b0b4000)]
  0x00007fd5c7853800 JavaThread "Reference Handler" daemon [_thread_blocked, id=17155, stack(0x000070000aeb1000,0x000070000afb1000)]

Other Threads:
  0x00007fd5c705b000 VMThread "VM Thread" [stack: 0x000070000adae000,0x000070000aeae000] [id=16643]
  0x00007fd5c7061800 WatcherThread [stack: 0x000070000b8cf000,0x000070000b9cf000] [id=25859]
  0x00007fd5c601c000 GCTaskThread "GC Thread#0" [stack: 0x000070000a28d000,0x000070000a38d000] [id=10499]
  0x00007fd5c7800000 GCTaskThread "GC Thread#1" [stack: 0x000070000a390000,0x000070000a490000] [id=11011]
  0x00007fd5c7801000 GCTaskThread "GC Thread#2" [stack: 0x000070000a493000,0x000070000a593000] [id=11523]
  0x00007fd5c7801800 GCTaskThread "GC Thread#3" [stack: 0x000070000a596000,0x000070000a696000] [id=12035]
  0x00007fd5c7027000 ConcurrentGCThread "G1 Main Marker" [stack: 0x000070000aba8000,0x000070000aca8000] [id=15107]
  0x00007fd5c7804800 ConcurrentGCThread "G1 Marker#0" [stack: 0x000070000acab000,0x000070000adab000] [id=16131]
  0x00007fd5c7001000 ConcurrentGCThread "G1 Refine#0" [stack: 0x000070000a9a2000,0x000070000aaa2000] [id=14083]
  0x00007fd5c7803800 ConcurrentGCThread "G1 Refine#1" [stack: 0x000070000a89f000,0x000070000a99f000] [id=13571]
  0x00007fd5c7803000 ConcurrentGCThread "G1 Refine#2" [stack: 0x000070000a79c000,0x000070000a89c000] [id=13059]
  0x00007fd5c7802000 ConcurrentGCThread "G1 Refine#3" [stack: 0x000070000a699000,0x000070000a799000] [id=12547]
  0x00007fd5c7002000 ConcurrentGCThread "G1 Young RemSet Sampling" [stack: 0x000070000aaa5000,0x000070000aba5000] [id=14595]

Threads with active compile tasks:

VM state:not at safepoint (normal execution)

VM Mutex/Monitor currently owned by a thread: None

Heap address: 0x0000000740000000, size: 2048 MB, Compressed Oops mode: Zero based, Oop shift amount: 3
Narrow klass base: 0x0000000000000000, Narrow klass shift: 3
Compressed class space size: 1073741824 Address: 0x00000007c0000000

Heap:
 garbage-first heap   total 131072K, used 31716K [0x0000000740000000, 0x0000000740100400, 0x00000007c0000000)
  region size 1024K, 4 young (4096K), 3 survivors (3072K)
 Metaspace       used 18756K, capacity 19776K, committed 19968K, reserved 1067008K
  class space    used 2003K, capacity 2213K, committed 2304K, reserved 1048576K
Heap Regions: E=young(eden), S=young(survivor), O=old, HS=humongous(starts), HC=humongous(continues), CS=collection set, F=free, A=archive, TS=gc time stamp, AC=allocation context, TAMS=top-at-mark-start (previous, next)
|   0|0x0000000740000000, 0x0000000740100000, 0x0000000740100000|100%| O|  |TS  0|AC  0|TAMS 0x0000000740100000, 0x0000000740100000|
|   1|0x0000000740100000, 0x0000000740200000, 0x0000000740200000|100%|HS|  |TS  0|AC  0|TAMS 0x0000000740200000, 0x0000000740200000|
|   2|0x0000000740200000, 0x0000000740300000, 0x0000000740300000|100%|HC|  |TS  0|AC  0|TAMS 0x0000000740300000, 0x0000000740300000|
|   3|0x0000000740300000, 0x0000000740400000, 0x0000000740400000|100%|HC|  |TS  0|AC  0|TAMS 0x0000000740400000, 0x0000000740400000|
|   4|0x0000000740400000, 0x0000000740500000, 0x0000000740500000|100%|HS|  |TS  0|AC  0|TAMS 0x0000000740500000, 0x0000000740500000|
|   5|0x0000000740500000, 0x0000000740600000, 0x0000000740600000|100%|HC|  |TS  0|AC  0|TAMS 0x0000000740600000, 0x0000000740600000|
|   6|0x0000000740600000, 0x0000000740700000, 0x0000000740700000|100%|HC|  |TS  0|AC  0|TAMS 0x0000000740700000, 0x0000000740700000|
|   7|0x0000000740700000, 0x0000000740800000, 0x0000000740800000|100%|HS|  |TS  0|AC  0|TAMS 0x0000000740700000, 0x0000000740700000|
|   8|0x0000000740800000, 0x0000000740900000, 0x0000000740900000|100%|HC|  |TS  0|AC  0|TAMS 0x0000000740800000, 0x0000000740800000|
|   9|0x0000000740900000, 0x0000000740a00000, 0x0000000740a00000|100%|HC|  |TS  0|AC  0|TAMS 0x0000000740900000, 0x0000000740900000|
|  10|0x0000000740a00000, 0x0000000740b00000, 0x0000000740b00000|100%|HC|  |TS  0|AC  0|TAMS 0x0000000740a00000, 0x0000000740a00000|
|  11|0x0000000740b00000, 0x0000000740c00000, 0x0000000740c00000|100%|HC|  |TS  0|AC  0|TAMS 0x0000000740b00000, 0x0000000740b00000|
|  12|0x0000000740c00000, 0x0000000740d00000, 0x0000000740d00000|100%|HC|  |TS  0|AC  0|TAMS 0x0000000740c00000, 0x0000000740c00000|
|  13|0x0000000740d00000, 0x0000000740e00000, 0x0000000740e00000|100%|HC|  |TS  0|AC  0|TAMS 0x0000000740d00000, 0x0000000740d00000|
|  14|0x0000000740e00000, 0x0000000740f00000, 0x0000000740f00000|100%|HC|  |TS  0|AC  0|TAMS 0x0000000740e00000, 0x0000000740e00000|
|  15|0x0000000740f00000, 0x0000000741000000, 0x0000000741000000|100%|HC|  |TS  0|AC  0|TAMS 0x0000000740f00000, 0x0000000740f00000|
|  16|0x0000000741000000, 0x0000000741100000, 0x0000000741100000|100%|HC|  |TS  0|AC  0|TAMS 0x0000000741000000, 0x0000000741000000|
|  17|0x0000000741100000, 0x0000000741200000, 0x0000000741200000|100%|HC|  |TS  0|AC  0|TAMS 0x0000000741100000, 0x0000000741100000|
|  18|0x0000000741200000, 0x0000000741300000, 0x0000000741300000|100%|HC|  |TS  0|AC  0|TAMS 0x0000000741200000, 0x0000000741200000|
|  19|0x0000000741300000, 0x0000000741400000, 0x0000000741400000|100%|HC|  |TS  0|AC  0|TAMS 0x0000000741300000, 0x0000000741300000|
|  20|0x0000000741400000, 0x0000000741500000, 0x0000000741500000|100%|HC|  |TS  0|AC  0|TAMS 0x0000000741400000, 0x0000000741400000|
|  21|0x0000000741500000, 0x0000000741600000, 0x0000000741600000|100%|HC|  |TS  0|AC  0|TAMS 0x0000000741500000, 0x0000000741500000|
|  22|0x0000000741600000, 0x0000000741700000, 0x0000000741700000|100%|HC|  |TS  0|AC  0|TAMS 0x0000000741600000, 0x0000000741600000|
|  23|0x0000000741700000, 0x0000000741800000, 0x0000000741800000|100%|HS|  |TS  0|AC  0|TAMS 0x0000000741800000, 0x0000000741800000|
|  24|0x0000000741800000, 0x0000000741900000, 0x0000000741900000|100%|HC|  |TS  0|AC  0|TAMS 0x0000000741900000, 0x0000000741900000|
|  25|0x0000000741900000, 0x0000000741a00000, 0x0000000741a00000|100%|HS|  |TS  0|AC  0|TAMS 0x0000000741900000, 0x0000000741900000|
|  26|0x0000000741a00000, 0x0000000741b00000, 0x0000000741b00000|100%|HC|  |TS  0|AC  0|TAMS 0x0000000741a00000, 0x0000000741a00000|
|  27|0x0000000741b00000, 0x0000000741b00000, 0x0000000741c00000|  0%| F|  |TS  0|AC  0|TAMS 0x0000000741b00000, 0x0000000741b00000|
|  28|0x0000000741c00000, 0x0000000741c00000, 0x0000000741d00000|  0%| F|  |TS  0|AC  0|TAMS 0x0000000741c00000, 0x0000000741c00000|
|  29|0x0000000741d00000, 0x0000000741d00000, 0x0000000741e00000|  0%| F|  |TS  0|AC  0|TAMS 0x0000000741d00000, 0x0000000741d00000|
|  30|0x0000000741e00000, 0x0000000741e00000, 0x0000000741f00000|  0%| F|  |TS  0|AC  0|TAMS 0x0000000741e00000, 0x0000000741e00000|
|  31|0x0000000741f00000, 0x0000000741f00000, 0x0000000742000000|  0%| F|  |TS  0|AC  0|TAMS 0x0000000741f00000, 0x0000000741f00000|
|  32|0x0000000742000000, 0x0000000742000000, 0x0000000742100000|  0%| F|  |TS  0|AC  0|TAMS 0x0000000742000000, 0x0000000742000000|
|  33|0x0000000742100000, 0x0000000742100000, 0x0000000742200000|  0%| F|  |TS  0|AC  0|TAMS 0x0000000742100000, 0x0000000742100000|
|  34|0x0000000742200000, 0x0000000742200000, 0x0000000742300000|  0%| F|  |TS  1|AC  0|TAMS 0x0000000742200000, 0x0000000742200000|
|  35|0x0000000742300000, 0x0000000742300000, 0x0000000742400000|  0%| F|  |TS  1|AC  0|TAMS 0x0000000742300000, 0x0000000742300000|
|  36|0x0000000742400000, 0x0000000742400000, 0x0000000742500000|  0%| F|  |TS  1|AC  0|TAMS 0x0000000742400000, 0x0000000742400000|
|  37|0x0000000742500000, 0x0000000742500000, 0x0000000742600000|  0%| F|  |TS  1|AC  0|TAMS 0x0000000742500000, 0x0000000742500000|
|  38|0x0000000742600000, 0x0000000742600000, 0x0000000742700000|  0%| F|  |TS  1|AC  0|TAMS 0x0000000742600000, 0x0000000742600000|
|  39|0x0000000742700000, 0x0000000742700000, 0x0000000742800000|  0%| F|  |TS  1|AC  0|TAMS 0x0000000742700000, 0x0000000742700000|
|  40|0x0000000742800000, 0x0000000742800000, 0x0000000742900000|  0%| F|  |TS  1|AC  0|TAMS 0x0000000742800000, 0x0000000742800000|
|  41|0x0000000742900000, 0x0000000742900000, 0x0000000742a00000|  0%| F|  |TS  1|AC  0|TAMS 0x0000000742900000, 0x0000000742900000|
|  42|0x0000000742a00000, 0x0000000742a00000, 0x0000000742b00000|  0%| F|  |TS  1|AC  0|TAMS 0x0000000742a00000, 0x0000000742a00000|
|  43|0x0000000742b00000, 0x0000000742b00000, 0x0000000742c00000|  0%| F|  |TS  1|AC  0|TAMS 0x0000000742b00000, 0x0000000742b00000|
|  44|0x0000000742c00000, 0x0000000742c00000, 0x0000000742d00000|  0%| F|  |TS  1|AC  0|TAMS 0x0000000742c00000, 0x0000000742c00000|
|  45|0x0000000742d00000, 0x0000000742d00000, 0x0000000742e00000|  0%| F|  |TS  1|AC  0|TAMS 0x0000000742d00000, 0x0000000742d00000|
|  46|0x0000000742e00000, 0x0000000742e00000, 0x0000000742f00000|  0%| F|  |TS  1|AC  0|TAMS 0x0000000742e00000, 0x0000000742e00000|
|  47|0x0000000742f00000, 0x0000000742f00000, 0x0000000743000000|  0%| F|  |TS  1|AC  0|TAMS 0x0000000742f00000, 0x0000000742f00000|
|  48|0x0000000743000000, 0x0000000743000000, 0x0000000743100000|  0%| F|  |TS  1|AC  0|TAMS 0x0000000743000000, 0x0000000743000000|
|  49|0x0000000743100000, 0x0000000743100000, 0x0000000743200000|  0%| F|  |TS  1|AC  0|TAMS 0x0000000743100000, 0x0000000743100000|
|  50|0x0000000743200000, 0x0000000743200000, 0x0000000743300000|  0%| F|  |TS  1|AC  0|TAMS 0x0000000743200000, 0x0000000743200000|
|  51|0x0000000743300000, 0x0000000743300000, 0x0000000743400000|  0%| F|  |TS  0|AC  0|TAMS 0x0000000743300000, 0x0000000743300000|
|  52|0x0000000743400000, 0x0000000743400000, 0x0000000743500000|  0%| F|  |TS  0|AC  0|TAMS 0x0000000743400000, 0x0000000743400000|
|  53|0x0000000743500000, 0x0000000743500000, 0x0000000743600000|  0%| F|  |TS  0|AC  0|TAMS 0x0000000743500000, 0x0000000743500000|
|  54|0x0000000743600000, 0x0000000743600000, 0x0000000743700000|  0%| F|  |TS  0|AC  0|TAMS 0x0000000743600000, 0x0000000743600000|
|  55|0x0000000743700000, 0x0000000743700000, 0x0000000743800000|  0%| F|  |TS  0|AC  0|TAMS 0x0000000743700000, 0x0000000743700000|
|  56|0x0000000743800000, 0x0000000743800000, 0x0000000743900000|  0%| F|  |TS  0|AC  0|TAMS 0x0000000743800000, 0x0000000743800000|
|  57|0x0000000743900000, 0x0000000743900000, 0x0000000743a00000|  0%| F|  |TS  0|AC  0|TAMS 0x0000000743900000, 0x0000000743900000|
|  58|0x0000000743a00000, 0x0000000743a00000, 0x0000000743b00000|  0%| F|  |TS  0|AC  0|TAMS 0x0000000743a00000, 0x0000000743a00000|
|  59|0x0000000743b00000, 0x0000000743c00000, 0x0000000743c00000|100%| O|  |TS  0|AC  0|TAMS 0x0000000743c00000, 0x0000000743c00000|
|  60|0x0000000743c00000, 0x0000000743c81a00, 0x0000000743d00000| 50%| O|  |TS  1|AC  0|TAMS 0x0000000743c81a00, 0x0000000743c81a00|
|  61|0x0000000743d00000, 0x0000000743d00000, 0x0000000743e00000|  0%| F|  |TS  0|AC  0|TAMS 0x0000000743d00000, 0x0000000743d00000|
|  62|0x0000000743e00000, 0x0000000743e00000, 0x0000000743f00000|  0%| F|  |TS  0|AC  0|TAMS 0x0000000743e00000, 0x0000000743e00000|
|  63|0x0000000743f00000, 0x0000000743f00000, 0x0000000744000000|  0%| F|  |TS  0|AC  0|TAMS 0x0000000743f00000, 0x0000000743f00000|
|  64|0x0000000744000000, 0x00000007440777e0, 0x0000000744100000| 46%| S|CS|TS  1|AC  0|TAMS 0x0000000744000000, 0x0000000744000000|
|  65|0x0000000744100000, 0x0000000744200000, 0x0000000744200000|100%| S|CS|TS  1|AC  0|TAMS 0x0000000744100000, 0x0000000744100000|
|  66|0x0000000744200000, 0x0000000744300000, 0x0000000744300000|100%| S|CS|TS  1|AC  0|TAMS 0x0000000744200000, 0x0000000744200000|
|  67|0x0000000744300000, 0x0000000744300000, 0x0000000744400000|  0%| F|  |TS  1|AC  0|TAMS 0x0000000744300000, 0x0000000744300000|
|  68|0x0000000744400000, 0x0000000744400000, 0x0000000744500000|  0%| F|  |TS  1|AC  0|TAMS 0x0000000744400000, 0x0000000744400000|
|  69|0x0000000744500000, 0x0000000744500000, 0x0000000744600000|  0%| F|  |TS  1|AC  0|TAMS 0x0000000744500000, 0x0000000744500000|
|  70|0x0000000744600000, 0x0000000744600000, 0x0000000744700000|  0%| F|  |TS  1|AC  0|TAMS 0x0000000744600000, 0x0000000744600000|
|  71|0x0000000744700000, 0x0000000744700000, 0x0000000744800000|  0%| F|  |TS  1|AC  0|TAMS 0x0000000744700000, 0x0000000744700000|
|  72|0x0000000744800000, 0x0000000744800000, 0x0000000744900000|  0%| F|  |TS  1|AC  0|TAMS 0x0000000744800000, 0x0000000744800000|
|  73|0x0000000744900000, 0x0000000744900000, 0x0000000744a00000|  0%| F|  |TS  1|AC  0|TAMS 0x0000000744900000, 0x0000000744900000|
|  74|0x0000000744a00000, 0x0000000744a00000, 0x0000000744b00000|  0%| F|  |TS  1|AC  0|TAMS 0x0000000744a00000, 0x0000000744a00000|
|  75|0x0000000744b00000, 0x0000000744b00000, 0x0000000744c00000|  0%| F|  |TS  1|AC  0|TAMS 0x0000000744b00000, 0x0000000744b00000|
|  76|0x0000000744c00000, 0x0000000744c00000, 0x0000000744d00000|  0%| F|  |TS  1|AC  0|TAMS 0x0000000744c00000, 0x0000000744c00000|
|  77|0x0000000744d00000, 0x0000000744d00000, 0x0000000744e00000|  0%| F|  |TS  1|AC  0|TAMS 0x0000000744d00000, 0x0000000744d00000|
|  78|0x0000000744e00000, 0x0000000744e00000, 0x0000000744f00000|  0%| F|  |TS  1|AC  0|TAMS 0x0000000744e00000, 0x0000000744e00000|
|  79|0x0000000744f00000, 0x0000000744f00000, 0x0000000745000000|  0%| F|  |TS  1|AC  0|TAMS 0x0000000744f00000, 0x0000000744f00000|
|  80|0x0000000745000000, 0x0000000745000000, 0x0000000745100000|  0%| F|  |TS  1|AC  0|TAMS 0x0000000745000000, 0x0000000745000000|
|  81|0x0000000745100000, 0x0000000745100000, 0x0000000745200000|  0%| F|  |TS  1|AC  0|TAMS 0x0000000745100000, 0x0000000745100000|
|  82|0x0000000745200000, 0x0000000745200000, 0x0000000745300000|  0%| F|  |TS  1|AC  0|TAMS 0x0000000745200000, 0x0000000745200000|
|  83|0x0000000745300000, 0x0000000745300000, 0x0000000745400000|  0%| F|  |TS  1|AC  0|TAMS 0x0000000745300000, 0x0000000745300000|
|  84|0x0000000745400000, 0x0000000745400000, 0x0000000745500000|  0%| F|  |TS  1|AC  0|TAMS 0x0000000745400000, 0x0000000745400000|
|  85|0x0000000745500000, 0x0000000745500000, 0x0000000745600000|  0%| F|  |TS  1|AC  0|TAMS 0x0000000745500000, 0x0000000745500000|
|  86|0x0000000745600000, 0x0000000745600000, 0x0000000745700000|  0%| F|  |TS  1|AC  0|TAMS 0x0000000745600000, 0x0000000745600000|
|  87|0x0000000745700000, 0x0000000745700000, 0x0000000745800000|  0%| F|  |TS  1|AC  0|TAMS 0x0000000745700000, 0x0000000745700000|
|  88|0x0000000745800000, 0x0000000745800000, 0x0000000745900000|  0%| F|  |TS  1|AC  0|TAMS 0x0000000745800000, 0x0000000745800000|
|  89|0x0000000745900000, 0x0000000745900000, 0x0000000745a00000|  0%| F|  |TS  1|AC  0|TAMS 0x0000000745900000, 0x0000000745900000|
|  90|0x0000000745a00000, 0x0000000745a00000, 0x0000000745b00000|  0%| F|  |TS  1|AC  0|TAMS 0x0000000745a00000, 0x0000000745a00000|
|  91|0x0000000745b00000, 0x0000000745b00000, 0x0000000745c00000|  0%| F|  |TS  1|AC  0|TAMS 0x0000000745b00000, 0x0000000745b00000|
|  92|0x0000000745c00000, 0x0000000745c00000, 0x0000000745d00000|  0%| F|  |TS  1|AC  0|TAMS 0x0000000745c00000, 0x0000000745c00000|
|  93|0x0000000745d00000, 0x0000000745d00000, 0x0000000745e00000|  0%| F|  |TS  1|AC  0|TAMS 0x0000000745d00000, 0x0000000745d00000|
|  94|0x0000000745e00000, 0x0000000745e00000, 0x0000000745f00000|  0%| F|  |TS  1|AC  0|TAMS 0x0000000745e00000, 0x0000000745e00000|
|  95|0x0000000745f00000, 0x0000000745f00000, 0x0000000746000000|  0%| F|  |TS  1|AC  0|TAMS 0x0000000745f00000, 0x0000000745f00000|
|  96|0x0000000746000000, 0x0000000746000000, 0x0000000746100000|  0%| F|  |TS  1|AC  0|TAMS 0x0000000746000000, 0x0000000746000000|
|  97|0x0000000746100000, 0x0000000746100000, 0x0000000746200000|  0%| F|  |TS  1|AC  0|TAMS 0x0000000746100000, 0x0000000746100000|
|  98|0x0000000746200000, 0x0000000746200000, 0x0000000746300000|  0%| F|  |TS  1|AC  0|TAMS 0x0000000746200000, 0x0000000746200000|
|  99|0x0000000746300000, 0x0000000746300000, 0x0000000746400000|  0%| F|  |TS  1|AC  0|TAMS 0x0000000746300000, 0x0000000746300000|
| 100|0x0000000746400000, 0x0000000746400000, 0x0000000746500000|  0%| F|  |TS  1|AC  0|TAMS 0x0000000746400000, 0x0000000746400000|
| 101|0x0000000746500000, 0x0000000746500000, 0x0000000746600000|  0%| F|  |TS  1|AC  0|TAMS 0x0000000746500000, 0x0000000746500000|
| 102|0x0000000746600000, 0x0000000746600000, 0x0000000746700000|  0%| F|  |TS  1|AC  0|TAMS 0x0000000746600000, 0x0000000746600000|
| 103|0x0000000746700000, 0x0000000746700000, 0x0000000746800000|  0%| F|  |TS  1|AC  0|TAMS 0x0000000746700000, 0x0000000746700000|
| 104|0x0000000746800000, 0x0000000746800000, 0x0000000746900000|  0%| F|  |TS  1|AC  0|TAMS 0x0000000746800000, 0x0000000746800000|
| 105|0x0000000746900000, 0x0000000746900000, 0x0000000746a00000|  0%| F|  |TS  1|AC  0|TAMS 0x0000000746900000, 0x0000000746900000|
| 106|0x0000000746a00000, 0x0000000746a00000, 0x0000000746b00000|  0%| F|  |TS  1|AC  0|TAMS 0x0000000746a00000, 0x0000000746a00000|
| 107|0x0000000746b00000, 0x0000000746b00000, 0x0000000746c00000|  0%| F|  |TS  1|AC  0|TAMS 0x0000000746b00000, 0x0000000746b00000|
| 108|0x0000000746c00000, 0x0000000746c00000, 0x0000000746d00000|  0%| F|  |TS  1|AC  0|TAMS 0x0000000746c00000, 0x0000000746c00000|
| 109|0x0000000746d00000, 0x0000000746d00000, 0x0000000746e00000|  0%| F|  |TS  1|AC  0|TAMS 0x0000000746d00000, 0x0000000746d00000|
| 110|0x0000000746e00000, 0x0000000746e00000, 0x0000000746f00000|  0%| F|  |TS  1|AC  0|TAMS 0x0000000746e00000, 0x0000000746e00000|
| 111|0x0000000746f00000, 0x0000000746f00000, 0x0000000747000000|  0%| F|  |TS  1|AC  0|TAMS 0x0000000746f00000, 0x0000000746f00000|
| 112|0x0000000747000000, 0x0000000747000000, 0x0000000747100000|  0%| F|  |TS  1|AC  0|TAMS 0x0000000747000000, 0x0000000747000000|
| 113|0x0000000747100000, 0x0000000747100000, 0x0000000747200000|  0%| F|  |TS  1|AC  0|TAMS 0x0000000747100000, 0x0000000747100000|
| 114|0x0000000747200000, 0x0000000747200000, 0x0000000747300000|  0%| F|  |TS  1|AC  0|TAMS 0x0000000747200000, 0x0000000747200000|
| 115|0x0000000747300000, 0x0000000747300000, 0x0000000747400000|  0%| F|  |TS  1|AC  0|TAMS 0x0000000747300000, 0x0000000747300000|
| 116|0x0000000747400000, 0x0000000747400000, 0x0000000747500000|  0%| F|  |TS  1|AC  0|TAMS 0x0000000747400000, 0x0000000747400000|
| 117|0x0000000747500000, 0x0000000747500000, 0x0000000747600000|  0%| F|  |TS  1|AC  0|TAMS 0x0000000747500000, 0x0000000747500000|
| 118|0x0000000747600000, 0x0000000747600000, 0x0000000747700000|  0%| F|  |TS  1|AC  0|TAMS 0x0000000747600000, 0x0000000747600000|
| 119|0x0000000747700000, 0x0000000747700000, 0x0000000747800000|  0%| F|  |TS  1|AC  0|TAMS 0x0000000747700000, 0x0000000747700000|
| 120|0x0000000747800000, 0x0000000747800000, 0x0000000747900000|  0%| F|  |TS  1|AC  0|TAMS 0x0000000747800000, 0x0000000747800000|
| 121|0x0000000747900000, 0x0000000747900000, 0x0000000747a00000|  0%| F|  |TS  1|AC  0|TAMS 0x0000000747900000, 0x0000000747900000|
| 122|0x0000000747a00000, 0x0000000747a00000, 0x0000000747b00000|  0%| F|  |TS  1|AC  0|TAMS 0x0000000747a00000, 0x0000000747a00000|
| 123|0x0000000747b00000, 0x0000000747b00000, 0x0000000747c00000|  0%| F|  |TS  1|AC  0|TAMS 0x0000000747b00000, 0x0000000747b00000|
| 124|0x0000000747c00000, 0x0000000747c00000, 0x0000000747d00000|  0%| F|  |TS  1|AC  0|TAMS 0x0000000747c00000, 0x0000000747c00000|
| 125|0x0000000747d00000, 0x0000000747d00000, 0x0000000747e00000|  0%| F|  |TS  1|AC  0|TAMS 0x0000000747d00000, 0x0000000747d00000|
| 126|0x0000000747e00000, 0x0000000747e00000, 0x0000000747f00000|  0%| F|  |TS  1|AC  0|TAMS 0x0000000747e00000, 0x0000000747e00000|
| 127|0x0000000747f00000, 0x0000000748000000, 0x0000000748000000|100%| E|  |TS  1|AC  0|TAMS 0x0000000747f00000, 0x0000000747f00000|

Card table byte_map: [0x0000000123619000,0x0000000123a19000] byte_map_base: 0x000000011fc19000

Marking Bits (Prev, Next): (CMBitMap*) 0x00007fd5c7026270, (CMBitMap*) 0x00007fd5c70262a8
 Prev Bits: [0x0000000123e19000, 0x0000000125e19000)
 Next Bits: [0x0000000125e19000, 0x0000000127e19000)

Polling page: 0x00000001086b3000

CodeHeap 'non-profiled nmethods': size=120032Kb used=574Kb max_used=574Kb free=119457Kb
 bounds [0x000000011b5e1000, 0x000000011b851000, 0x0000000122b19000]
CodeHeap 'profiled nmethods': size=120032Kb used=2785Kb max_used=2785Kb free=117246Kb
 bounds [0x00000001140a9000, 0x0000000114369000, 0x000000011b5e1000]
CodeHeap 'non-nmethods': size=5696Kb used=1382Kb max_used=1397Kb free=4313Kb
 bounds [0x0000000113b19000, 0x0000000113d89000, 0x00000001140a9000]
 total_blobs=2559 nmethods=1650 adapters=574
 compilation: enabled

Compilation events (10 events):
Event: 9.854 Thread 0x00007fd5c704b800 1647       3       com.leapmotion.leap.GestureList::finalize (5 bytes)
Event: 9.855 Thread 0x00007fd5c704b800 nmethod 1647 0x0000000114360190 code [0x0000000114360340, 0x00000001143604e8]
Event: 9.855 Thread 0x00007fd5c704b800 1649       1       java.lang.ref.Finalizer::access$000 (4 bytes)
Event: 9.855 Thread 0x00007fd5c704b800 nmethod 1649 0x000000011b670810 code [0x000000011b6709c0, 0x000000011b670ab0]
Event: 9.855 Thread 0x00007fd5c704b800 1648  s    3       com.leapmotion.leap.GestureList::delete (38 bytes)
Event: 9.855 Thread 0x00007fd5c704b800 nmethod 1648 0x0000000114360590 code [0x0000000114360760, 0x0000000114360b18]
Event: 9.855 Thread 0x00007fd5c704b800 1650       3       com.leapmotion.leap.Controller::finalize (5 bytes)
Event: 9.855 Thread 0x00007fd5c704b800 nmethod 1650 0x0000000114360c10 code [0x0000000114360dc0, 0x0000000114360f68]
Event: 9.855 Thread 0x00007fd5c704b800 1651  s    3       com.leapmotion.leap.Controller::delete (38 bytes)
Event: 9.855 Thread 0x00007fd5c704b800 nmethod 1651 0x0000000114361010 code [0x00000001143611e0, 0x0000000114361598]

GC Heap History (10 events):
Event: 4.948 GC heap before
{Heap before GC invocations=13 (full 0):
 garbage-first heap   total 131072K, used 70381K [0x0000000740000000, 0x0000000740100400, 0x00000007c0000000)
  region size 1024K, 13 young (13312K), 3 survivors (3072K)
 Metaspace       used 18593K, capacity 19556K, committed 19712K, reserved 1067008K
  class space    used 1990K, capacity 2195K, committed 2304K, reserved 1048576K
}
Event: 4.950 GC heap after
{Heap after GC invocations=14 (full 0):
 garbage-first heap   total 131072K, used 31593K [0x0000000740000000, 0x0000000740100400, 0x00000007c0000000)
  region size 1024K, 3 young (3072K), 3 survivors (3072K)
 Metaspace       used 18593K, capacity 19556K, committed 19712K, reserved 1067008K
  class space    used 1990K, capacity 2195K, committed 2304K, reserved 1048576K
}
Event: 5.013 GC heap before
{Heap before GC invocations=15 (full 0):
 garbage-first heap   total 131072K, used 61289K [0x0000000740000000, 0x0000000740100400, 0x00000007c0000000)
  region size 1024K, 6 young (6144K), 3 survivors (3072K)
 Metaspace       used 18606K, capacity 19556K, committed 19712K, reserved 1067008K
  class space    used 1990K, capacity 2195K, committed 2304K, reserved 1048576K
}
Event: 5.017 GC heap after
{Heap after GC invocations=16 (full 0):
 garbage-first heap   total 131072K, used 40544K [0x0000000740000000, 0x0000000740100400, 0x00000007c0000000)
  region size 1024K, 3 young (3072K), 3 survivors (3072K)
 Metaspace       used 18606K, capacity 19556K, committed 19712K, reserved 1067008K
  class space    used 1990K, capacity 2195K, committed 2304K, reserved 1048576K
}
Event: 5.760 GC heap before
{Heap before GC invocations=17 (full 0):
 garbage-first heap   total 131072K, used 65120K [0x0000000740000000, 0x0000000740100400, 0x00000007c0000000)
  region size 1024K, 11 young (11264K), 3 survivors (3072K)
 Metaspace       used 18620K, capacity 19556K, committed 19712K, reserved 1067008K
  class space    used 1990K, capacity 2195K, committed 2304K, reserved 1048576K
}
Event: 5.765 GC heap after
{Heap after GC invocations=18 (full 0):
 garbage-first heap   total 131072K, used 29465K [0x0000000740000000, 0x0000000740100400, 0x00000007c0000000)
  region size 1024K, 3 young (3072K), 3 survivors (3072K)
 Metaspace       used 18620K, capacity 19556K, committed 19712K, reserved 1067008K
  class space    used 1990K, capacity 2195K, committed 2304K, reserved 1048576K
}
Event: 5.803 GC heap before
{Heap before GC invocations=19 (full 0):
 garbage-first heap   total 131072K, used 48921K [0x0000000740000000, 0x0000000740100400, 0x00000007c0000000)
  region size 1024K, 5 young (5120K), 3 survivors (3072K)
 Metaspace       used 18628K, capacity 19556K, committed 19712K, reserved 1067008K
  class space    used 1990K, capacity 2195K, committed 2304K, reserved 1048576K
}
Event: 5.807 GC heap after
{Heap after GC invocations=20 (full 0):
 garbage-first heap   total 131072K, used 30592K [0x0000000740000000, 0x0000000740100400, 0x00000007c0000000)
  region size 1024K, 3 young (3072K), 3 survivors (3072K)
 Metaspace       used 18628K, capacity 19556K, committed 19712K, reserved 1067008K
  class space    used 1990K, capacity 2195K, committed 2304K, reserved 1048576K
}
Event: 9.850 GC heap before
{Heap before GC invocations=21 (full 0):
 garbage-first heap   total 131072K, used 108416K [0x0000000740000000, 0x0000000740100400, 0x00000007c0000000)
  region size 1024K, 61 young (62464K), 3 survivors (3072K)
 Metaspace       used 18754K, capacity 19776K, committed 19968K, reserved 1067008K
  class space    used 2003K, capacity 2213K, committed 2304K, reserved 1048576K
}
Event: 9.852 GC heap after
{Heap after GC invocations=22 (full 0):
 garbage-first heap   total 131072K, used 31716K [0x0000000740000000, 0x0000000740100400, 0x00000007c0000000)
  region size 1024K, 3 young (3072K), 3 survivors (3072K)
 Metaspace       used 18754K, capacity 19776K, committed 19968K, reserved 1067008K
  class space    used 2003K, capacity 2213K, committed 2304K, reserved 1048576K
}

Deoptimization events (8 events):
Event: 0.217 Thread 0x00007fd5c78b0000 Uncommon trap: reason=unstable_if action=reinterpret pc=0x000000011b5eb21c method=java.lang.String.charAt(I)C @ 4 c2
Event: 2.553 Thread 0x00007fd5c62b6000 Uncommon trap: reason=unstable_if action=reinterpret pc=0x000000011b619ea8 method=java.lang.AbstractStringBuilder.append(Ljava/lang/String;)Ljava/lang/AbstractStringBuilder; @ 1 c2
Event: 2.553 Thread 0x00007fd5c62b6000 Uncommon trap: reason=unstable_if action=reinterpret pc=0x000000011b62fce0 method=java.lang.AbstractStringBuilder.append(Ljava/lang/String;)Ljava/lang/AbstractStringBuilder; @ 1 c2
Event: 2.586 Thread 0x00007fd5c62b6000 Uncommon trap: reason=unstable_if action=reinterpret pc=0x000000011b60c5c8 method=java.lang.StringLatin1.canEncode(I)Z @ 4 c2
Event: 2.685 Thread 0x00007fd5c6395800 Uncommon trap: reason=class_check action=maybe_recompile pc=0x000000011b5f1b68 method=java.lang.String.equals(Ljava/lang/Object;)Z @ 8 c2
Event: 2.685 Thread 0x00007fd5c6395800 Uncommon trap: reason=class_check action=maybe_recompile pc=0x000000011b5f1b68 method=java.lang.String.equals(Ljava/lang/Object;)Z @ 8 c2
Event: 2.686 Thread 0x00007fd5c6395800 Uncommon trap: reason=class_check action=maybe_recompile pc=0x000000011b5f1b68 method=java.lang.String.equals(Ljava/lang/Object;)Z @ 8 c2
Event: 2.686 Thread 0x00007fd5c6395800 Uncommon trap: reason=class_check action=maybe_recompile pc=0x000000011b5f1b68 method=java.lang.String.equals(Ljava/lang/Object;)Z @ 8 c2

Classes redefined (0 events):
No events

Internal exceptions (10 events):
Event: 2.665 Thread 0x00007fd5c68c5000 Exception <a 'java/lang/NoSuchMethodError'{0x0000000746d0ca48}: java.lang.invoke.DirectMethodHandle$Holder.invokeSpecial(Ljava/lang/Object;Ljava/lang/Object;J)V> (0x0000000746d0ca48) thrown at [/scratch/mesos/slaves/5af44a71-976a-41b7-81de-5773b84ec572-S3
Event: 2.679 Thread 0x00007fd5c600e000 Exception <a 'java/lang/NoSuchMethodError'{0x0000000746eaf300}: method resolution failed> (0x0000000746eaf300) thrown at [/scratch/mesos/slaves/5af44a71-976a-41b7-81de-5773b84ec572-S38393/frameworks/1735e8a2-a1db-478c-8104-60c8b0af87dd-0196/executors/8b85
Event: 2.698 Thread 0x00007fd5c600e000 Exception <a 'java/lang/NoSuchMethodError'{0x0000000746ecc820}: java.lang.invoke.DirectMethodHandle$Holder.invokeStatic(Ljava/lang/Object;JJ)V> (0x0000000746ecc820) thrown at [/scratch/mesos/slaves/5af44a71-976a-41b7-81de-5773b84ec572-S38393/frameworks/17
Event: 2.698 Thread 0x00007fd5c600e000 Exception <a 'java/lang/NoSuchMethodError'{0x0000000746ed1c30}: java.lang.invoke.DirectMethodHandle$Holder.invokeStatic(Ljava/lang/Object;J)Ljava/lang/Object;> (0x0000000746ed1c30) thrown at [/scratch/mesos/slaves/5af44a71-976a-41b7-81de-5773b84ec572-S383
Event: 2.698 Thread 0x00007fd5c600e000 Exception <a 'java/lang/NoSuchMethodError'{0x0000000746ed53a0}: method resolution failed> (0x0000000746ed53a0) thrown at [/scratch/mesos/slaves/5af44a71-976a-41b7-81de-5773b84ec572-S38393/frameworks/1735e8a2-a1db-478c-8104-60c8b0af87dd-0196/executors/8b85
Event: 2.729 Thread 0x00007fd5c6395800 Exception <a 'java/lang/NoSuchMethodError'{0x00000007478c1d48}: method resolution failed> (0x00000007478c1d48) thrown at [/scratch/mesos/slaves/5af44a71-976a-41b7-81de-5773b84ec572-S38393/frameworks/1735e8a2-a1db-478c-8104-60c8b0af87dd-0196/executors/8b85
Event: 2.729 Thread 0x00007fd5c6395800 Exception <a 'java/lang/NoSuchMethodError'{0x00000007478ca770}: java.lang.invoke.DirectMethodHandle$Holder.invokeStatic(Ljava/lang/Object;IILjava/lang/Object;Ljava/lang/Object;Ljava/lang/Object;)Ljava/lang/Object;> (0x00000007478ca770) thrown at [/scratch
Event: 2.871 Thread 0x00007fd5c705f800 Exception <a 'java/lang/NullPointerException'{0x0000000747f80168}> (0x0000000747f80168) thrown at [/scratch/mesos/slaves/5af44a71-976a-41b7-81de-5773b84ec572-S38393/frameworks/1735e8a2-a1db-478c-8104-60c8b0af87dd-0196/executors/8b855640-c399-41ea-b65f-522
Event: 4.338 Thread 0x00007fd5c62b6000 Exception <a 'java/io/FileNotFoundException'{0x0000000747c80948}> (0x0000000747c80948) thrown at [/scratch/mesos/slaves/5af44a71-976a-41b7-81de-5773b84ec572-S38393/frameworks/1735e8a2-a1db-478c-8104-60c8b0af87dd-0196/executors/8b855640-c399-41ea-b65f-5227
Event: 4.744 Thread 0x00007fd5c62b6000 Exception <a 'java/io/FileNotFoundException'{0x00000007478c3418}> (0x00000007478c3418) thrown at [/scratch/mesos/slaves/5af44a71-976a-41b7-81de-5773b84ec572-S38393/frameworks/1735e8a2-a1db-478c-8104-60c8b0af87dd-0196/executors/8b855640-c399-41ea-b65f-5227

Events (10 events):
Event: 9.812 Thread 0x00007fd5c7612000 Thread added: 0x00007fd5c7612000
Event: 9.812 Thread 0x00007fd5c7612000 Thread exited: 0x00007fd5c7612000
Event: 9.825 Thread 0x00007fd5c6b16800 Thread added: 0x00007fd5c6b16800
Event: 9.825 Thread 0x00007fd5c6b16800 Thread exited: 0x00007fd5c6b16800
Event: 9.837 Thread 0x00007fd5c73fc000 Thread added: 0x00007fd5c73fc000
Event: 9.837 Thread 0x00007fd5c73fc000 Thread exited: 0x00007fd5c73fc000
Event: 9.849 Thread 0x00007fd5c7612000 Thread added: 0x00007fd5c7612000
Event: 9.849 Executing VM operation: G1IncCollectionPause
Event: 9.852 Executing VM operation: G1IncCollectionPause done
Event: 9.852 Thread 0x00007fd5c7612000 Thread exited: 0x00007fd5c7612000


Dynamic libraries:
0x00007fffbf6b7000 	/System/Library/Frameworks/Cocoa.framework/Versions/A/Cocoa
0x00007fffc5f5a000 	/System/Library/Frameworks/Security.framework/Versions/A/Security
0x00007fffbe572000 	/System/Library/Frameworks/ApplicationServices.framework/Versions/A/ApplicationServices
0x00007fffd5360000 	/usr/lib/libz.1.dylib
0x00007fffd3eb2000 	/usr/lib/libSystem.B.dylib
0x00007fffbfc4d000 	/System/Library/Frameworks/CoreFoundation.framework/Versions/A/CoreFoundation
0x00007fffc16c5000 	/System/Library/Frameworks/Foundation.framework/Versions/C/Foundation
0x00007fffd4b61000 	/usr/lib/libobjc.A.dylib
0x00007fffbd787000 	/System/Library/Frameworks/AppKit.framework/Versions/C/AppKit
0x00007fffbf8a3000 	/System/Library/Frameworks/CoreData.framework/Versions/A/CoreData
0x00007fffd0937000 	/System/Library/PrivateFrameworks/RemoteViewServices.framework/Versions/A/RemoteViewServices
0x00007fffd2922000 	/System/Library/PrivateFrameworks/UIFoundation.framework/Versions/A/UIFoundation
0x00007fffcbcdd000 	/System/Library/PrivateFrameworks/DFRFoundation.framework/Versions/A/DFRFoundation
0x00007fffd44a4000 	/usr/lib/libenergytrace.dylib
0x00007fffd1764000 	/System/Library/PrivateFrameworks/SkyLight.framework/Versions/A/SkyLight
0x00007fffc00e7000 	/System/Library/Frameworks/CoreGraphics.framework/Versions/A/CoreGraphics
0x00007fffd3ead000 	/usr/lib/libScreenReader.dylib
0x00007fffbc7a9000 	/System/Library/Frameworks/Accelerate.framework/Versions/A/Accelerate
0x00007fffc1cc3000 	/System/Library/Frameworks/IOSurface.framework/Versions/A/IOSurface
0x00007fffbea95000 	/System/Library/Frameworks/AudioToolbox.framework/Versions/A/AudioToolbox
0x00007fffbeca2000 	/System/Library/Frameworks/AudioUnit.framework/Versions/A/AudioUnit
0x00007fffcbd22000 	/System/Library/PrivateFrameworks/DataDetectorsCore.framework/Versions/A/DataDetectorsCore
0x00007fffcbe13000 	/System/Library/PrivateFrameworks/DesktopServicesPriv.framework/Versions/A/DesktopServicesPriv
0x00007fffbf204000 	/System/Library/Frameworks/Carbon.framework/Versions/A/Frameworks/HIToolbox.framework/Versions/A/HIToolbox
0x00007fffd45ad000 	/usr/lib/libicucore.A.dylib
0x00007fffc57f2000 	/System/Library/Frameworks/QuartzCore.framework/Versions/A/QuartzCore
0x00007fffbf5d0000 	/System/Library/Frameworks/Carbon.framework/Versions/A/Frameworks/SpeechRecognition.framework/Versions/A/SpeechRecognition
0x00007fffd3fcb000 	/usr/lib/libauto.dylib
0x00007fffd5246000 	/usr/lib/libxml2.2.dylib
0x00007fffcb997000 	/System/Library/PrivateFrameworks/CoreUI.framework/Versions/A/CoreUI
0x00007fffbf801000 	/System/Library/Frameworks/CoreAudio.framework/Versions/A/CoreAudio
0x00007fffc152e000 	/System/Library/Frameworks/DiskArbitration.framework/Versions/A/DiskArbitration
0x00007fffd47d8000 	/usr/lib/liblangid.dylib
0x00007fffcf81e000 	/System/Library/PrivateFrameworks/MultitouchSupport.framework/Versions/A/MultitouchSupport
0x00007fffc1c2c000 	/System/Library/Frameworks/IOKit.framework/Versions/A/IOKit
0x00007fffd3c73000 	/usr/lib/libDiagnosticMessagesClient.dylib
0x00007fffc0b12000 	/System/Library/Frameworks/CoreServices.framework/Versions/A/CoreServices
0x00007fffd01db000 	/System/Library/PrivateFrameworks/PerformanceAnalysis.framework/Versions/A/PerformanceAnalysis
0x00007fffcdc65000 	/System/Library/PrivateFrameworks/GenerationalStorage.framework/Versions/A/GenerationalStorage
0x00007fffc4c92000 	/System/Library/Frameworks/OpenGL.framework/Versions/A/OpenGL
0x00007fffc076a000 	/System/Library/Frameworks/CoreImage.framework/Versions/A/CoreImage
0x00007fffc123b000 	/System/Library/Frameworks/CoreText.framework/Versions/A/CoreText
0x00007fffc1d1c000 	/System/Library/Frameworks/ImageIO.framework/Versions/A/ImageIO
0x00007fffc9554000 	/System/Library/PrivateFrameworks/Backup.framework/Versions/A/Backup
0x00007fffd3f1f000 	/usr/lib/libarchive.2.dylib
0x00007fffbee0b000 	/System/Library/Frameworks/CFNetwork.framework/Versions/A/CFNetwork
0x00007fffc6687000 	/System/Library/Frameworks/SystemConfiguration.framework/Versions/A/SystemConfiguration
0x00007fffd3bba000 	/usr/lib/libCRFSuite.dylib
0x00007fffd3fec000 	/usr/lib/libc++.1.dylib
0x00007fffd4043000 	/usr/lib/libc++abi.dylib
0x00007fffd5380000 	/usr/lib/system/libcache.dylib
0x00007fffd5385000 	/usr/lib/system/libcommonCrypto.dylib
0x00007fffd5390000 	/usr/lib/system/libcompiler_rt.dylib
0x00007fffd5398000 	/usr/lib/system/libcopyfile.dylib
0x00007fffd53a1000 	/usr/lib/system/libcorecrypto.dylib
0x00007fffd5425000 	/usr/lib/system/libdispatch.dylib
0x00007fffd5457000 	/usr/lib/system/libdyld.dylib
0x00007fffd545d000 	/usr/lib/system/libkeymgr.dylib
0x00007fffd546b000 	/usr/lib/system/liblaunch.dylib
0x00007fffd546c000 	/usr/lib/system/libmacho.dylib
0x00007fffd5472000 	/usr/lib/system/libquarantine.dylib
0x00007fffd5475000 	/usr/lib/system/libremovefile.dylib
0x00007fffd5477000 	/usr/lib/system/libsystem_asl.dylib
0x00007fffd5490000 	/usr/lib/system/libsystem_blocks.dylib
0x00007fffd5491000 	/usr/lib/system/libsystem_c.dylib
0x00007fffd551f000 	/usr/lib/system/libsystem_configuration.dylib
0x00007fffd5523000 	/usr/lib/system/libsystem_coreservices.dylib
0x00007fffd5527000 	/usr/lib/system/libsystem_coretls.dylib
0x00007fffd5540000 	/usr/lib/system/libsystem_dnssd.dylib
0x00007fffd5547000 	/usr/lib/system/libsystem_info.dylib
0x00007fffd5571000 	/usr/lib/system/libsystem_kernel.dylib
0x00007fffd5594000 	/usr/lib/system/libsystem_m.dylib
0x00007fffd55dc000 	/usr/lib/system/libsystem_malloc.dylib
0x00007fffd55fb000 	/usr/lib/system/libsystem_network.dylib
0x00007fffd5655000 	/usr/lib/system/libsystem_networkextension.dylib
0x00007fffd565f000 	/usr/lib/system/libsystem_notify.dylib
0x00007fffd5669000 	/usr/lib/system/libsystem_platform.dylib
0x00007fffd5672000 	/usr/lib/system/libsystem_pthread.dylib
0x00007fffd567d000 	/usr/lib/system/libsystem_sandbox.dylib
0x00007fffd5681000 	/usr/lib/system/libsystem_secinit.dylib
0x00007fffd5683000 	/usr/lib/system/libsystem_symptoms.dylib
0x00007fffd568b000 	/usr/lib/system/libsystem_trace.dylib
0x00007fffd569f000 	/usr/lib/system/libunwind.dylib
0x00007fffd56a5000 	/usr/lib/system/libxpc.dylib
0x00007fffd3fcc000 	/usr/lib/libbsm.0.dylib
0x00007fffd545e000 	/usr/lib/system/libkxld.dylib
0x00007fffd4095000 	/usr/lib/libcoretls.dylib
0x00007fffd4096000 	/usr/lib/libcoretls_cfhelpers.dylib
0x00007fffd3eac000 	/usr/lib/libOpenScriptingUtil.dylib
0x00007fffd4f36000 	/usr/lib/libpam.2.dylib
0x00007fffd4ff5000 	/usr/lib/libsqlite3.dylib
0x00007fffd5238000 	/usr/lib/libxar.1.dylib
0x00007fffd3fdd000 	/usr/lib/libbz2.1.0.dylib
0x00007fffd47da000 	/usr/lib/liblzma.5.dylib
0x00007fffd4ae6000 	/usr/lib/libnetwork.dylib
0x00007fffd4f3b000 	/usr/lib/libpcap.A.dylib
0x00007fffc0e75000 	/System/Library/Frameworks/CoreServices.framework/Versions/A/Frameworks/FSEvents.framework/Versions/A/FSEvents
0x00007fffc0b65000 	/System/Library/Frameworks/CoreServices.framework/Versions/A/Frameworks/CarbonCore.framework/Versions/A/CarbonCore
0x00007fffc0feb000 	/System/Library/Frameworks/CoreServices.framework/Versions/A/Frameworks/Metadata.framework/Versions/A/Metadata
0x00007fffc109c000 	/System/Library/Frameworks/CoreServices.framework/Versions/A/Frameworks/OSServices.framework/Versions/A/OSServices
0x00007fffc10fc000 	/System/Library/Frameworks/CoreServices.framework/Versions/A/Frameworks/SearchKit.framework/Versions/A/SearchKit
0x00007fffc0b13000 	/System/Library/Frameworks/CoreServices.framework/Versions/A/Frameworks/AE.framework/Versions/A/AE
0x00007fffc0e7e000 	/System/Library/Frameworks/CoreServices.framework/Versions/A/Frameworks/LaunchServices.framework/Versions/A/LaunchServices
0x00007fffc0e41000 	/System/Library/Frameworks/CoreServices.framework/Versions/A/Frameworks/DictionaryServices.framework/Versions/A/DictionaryServices
0x00007fffc116d000 	/System/Library/Frameworks/CoreServices.framework/Versions/A/Frameworks/SharedFileList.framework/Versions/A/SharedFileList
0x00007fffc3eb6000 	/System/Library/Frameworks/NetFS.framework/Versions/A/NetFS
0x00007fffcf8f8000 	/System/Library/PrivateFrameworks/NetAuth.framework/Versions/A/NetAuth
0x00007fffd3b63000 	/System/Library/PrivateFrameworks/login.framework/Versions/A/Frameworks/loginsupport.framework/Versions/A/loginsupport
0x00007fffd2754000 	/System/Library/PrivateFrameworks/TCC.framework/Versions/A/TCC
0x00007fffd480b000 	/usr/lib/libmecabra.dylib
0x00007fffbe573000 	/System/Library/Frameworks/ApplicationServices.framework/Versions/A/Frameworks/ATS.framework/Versions/A/ATS
0x00007fffbe8f2000 	/System/Library/Frameworks/ApplicationServices.framework/Versions/A/Frameworks/ColorSync.framework/Versions/A/ColorSync
0x00007fffbe99d000 	/System/Library/Frameworks/ApplicationServices.framework/Versions/A/Frameworks/HIServices.framework/Versions/A/HIServices
0x00007fffbe9ef000 	/System/Library/Frameworks/ApplicationServices.framework/Versions/A/Frameworks/LangAnalysis.framework/Versions/A/LangAnalysis
0x00007fffbe9ff000 	/System/Library/Frameworks/ApplicationServices.framework/Versions/A/Frameworks/PrintCore.framework/Versions/A/PrintCore
0x00007fffbea4d000 	/System/Library/Frameworks/ApplicationServices.framework/Versions/A/Frameworks/QD.framework/Versions/A/QD
0x00007fffbea89000 	/System/Library/Frameworks/ApplicationServices.framework/Versions/A/Frameworks/SpeechSynthesis.framework/Versions/A/SpeechSynthesis
0x00007fffbc7c2000 	/System/Library/Frameworks/Accelerate.framework/Versions/A/Frameworks/vImage.framework/Versions/A/vImage
0x00007fffbd4c8000 	/System/Library/Frameworks/Accelerate.framework/Versions/A/Frameworks/vecLib.framework/Versions/A/vecLib
0x00007fffbd28d000 	/System/Library/Frameworks/Accelerate.framework/Versions/A/Frameworks/vecLib.framework/Versions/A/libvDSP.dylib
0x00007fffbce4e000 	/System/Library/Frameworks/Accelerate.framework/Versions/A/Frameworks/vecLib.framework/Versions/A/libBNNS.dylib
0x00007fffbd271000 	/System/Library/Frameworks/Accelerate.framework/Versions/A/Frameworks/vecLib.framework/Versions/A/libQuadrature.dylib
0x00007fffbd415000 	/System/Library/Frameworks/Accelerate.framework/Versions/A/Frameworks/vecLib.framework/Versions/A/libvMisc.dylib
0x00007fffbce63000 	/System/Library/Frameworks/Accelerate.framework/Versions/A/Frameworks/vecLib.framework/Versions/A/libLAPACK.dylib
0x00007fffbccdc000 	/System/Library/Frameworks/Accelerate.framework/Versions/A/Frameworks/vecLib.framework/Versions/A/libBLAS.dylib
0x00007fffbd25a000 	/System/Library/Frameworks/Accelerate.framework/Versions/A/Frameworks/vecLib.framework/Versions/A/libLinearAlgebra.dylib
0x00007fffbd278000 	/System/Library/Frameworks/Accelerate.framework/Versions/A/Frameworks/vecLib.framework/Versions/A/libSparseBLAS.dylib
0x00007fffbe67b000 	/System/Library/Frameworks/ApplicationServices.framework/Versions/A/Frameworks/ATS.framework/Versions/A/Resources/libFontParser.dylib
0x00007fffbe7ab000 	/System/Library/Frameworks/ApplicationServices.framework/Versions/A/Frameworks/ATS.framework/Versions/A/Resources/libFontRegistry.dylib
0x00007fffc1f73000 	/System/Library/Frameworks/ImageIO.framework/Versions/A/Resources/libJPEG.dylib
0x00007fffc1fc2000 	/System/Library/Frameworks/ImageIO.framework/Versions/A/Resources/libTIFF.dylib
0x00007fffc1f97000 	/System/Library/Frameworks/ImageIO.framework/Versions/A/Resources/libPng.dylib
0x00007fffc1e7d000 	/System/Library/Frameworks/ImageIO.framework/Versions/A/Resources/libGIF.dylib
0x00007fffc1e82000 	/System/Library/Frameworks/ImageIO.framework/Versions/A/Resources/libJP2.dylib
0x00007fffc1fbf000 	/System/Library/Frameworks/ImageIO.framework/Versions/A/Resources/libRadiance.dylib
0x00007fffd407e000 	/usr/lib/libcompression.dylib
0x00007fffc9096000 	/System/Library/PrivateFrameworks/AppleJPEG.framework/Versions/A/AppleJPEG
0x00007fffd43d4000 	/usr/lib/libcups.2.dylib
0x00007fffc2d79000 	/System/Library/Frameworks/Kerberos.framework/Versions/A/Kerberos
0x00007fffc1a97000 	/System/Library/Frameworks/GSS.framework/Versions/A/GSS
0x00007fffd4f89000 	/usr/lib/libresolv.9.dylib
0x00007fffd44ba000 	/usr/lib/libiconv.2.dylib
0x00007fffce392000 	/System/Library/PrivateFrameworks/Heimdal.framework/Versions/A/Heimdal
0x00007fffd44b4000 	/usr/lib/libheimdal-asn1.dylib
0x00007fffc4107000 	/System/Library/Frameworks/OpenDirectory.framework/Versions/A/OpenDirectory
0x00007fffcaba9000 	/System/Library/PrivateFrameworks/CommonAuth.framework/Versions/A/CommonAuth
0x00007fffc40ed000 	/System/Library/Frameworks/OpenDirectory.framework/Versions/A/Frameworks/CFOpenDirectory.framework/Versions/A/CFOpenDirectory
0x00007fffc625d000 	/System/Library/Frameworks/SecurityFoundation.framework/Versions/A/SecurityFoundation
0x00007fffceb4a000 	/System/Library/PrivateFrameworks/LanguageModeling.framework/Versions/A/LanguageModeling
0x00007fffd47f4000 	/usr/lib/libmarisa.dylib
0x00007fffd3bd6000 	/usr/lib/libChineseTokenizer.dylib
0x00007fffd406d000 	/usr/lib/libcmph.dylib
0x00007fffcb2fb000 	/System/Library/PrivateFrameworks/CoreEmoji.framework/Versions/A/CoreEmoji
0x00007fffc62fd000 	/System/Library/Frameworks/ServiceManagement.framework/Versions/A/ServiceManagement
0x00007fffd5336000 	/usr/lib/libxslt.1.dylib
0x00007fffbf518000 	/System/Library/Frameworks/Carbon.framework/Versions/A/Frameworks/Ink.framework/Versions/A/Ink
0x00007fffd27e6000 	/System/Library/PrivateFrameworks/TextureIO.framework/Versions/A/TextureIO
0x00007fffc3572000 	/System/Library/Frameworks/Metal.framework/Versions/A/Metal
0x00007fffd3f4b000 	/usr/lib/libate.dylib
0x00007fffcd994000 	/System/Library/PrivateFrameworks/GPUCompiler.framework/libmetal_timestamp.dylib
0x00007fffc4116000 	/System/Library/Frameworks/OpenGL.framework/Versions/A/Libraries/libCoreFSCache.dylib
0x00007fffcea23000 	/System/Library/PrivateFrameworks/IOAccelerator.framework/Versions/A/IOAccelerator
0x00007fffc1389000 	/System/Library/Frameworks/CoreVideo.framework/Versions/A/CoreVideo
0x00007fffd3c75000 	/usr/lib/libFosl_dynamic.dylib
0x00007fffcf622000 	/System/Library/PrivateFrameworks/MetalPerformanceShaders.framework/Versions/A/MetalPerformanceShaders
0x00007fffcc20c000 	/System/Library/PrivateFrameworks/FaceCore.framework/Versions/A/FaceCore
0x00007fffc409e000 	/System/Library/Frameworks/OpenCL.framework/Versions/A/OpenCL
0x00007fffc42e9000 	/System/Library/Frameworks/OpenGL.framework/Versions/A/Libraries/libGLU.dylib
0x00007fffc411f000 	/System/Library/Frameworks/OpenGL.framework/Versions/A/Libraries/libGFXShared.dylib
0x00007fffc4129000 	/System/Library/Frameworks/OpenGL.framework/Versions/A/Libraries/libGL.dylib
0x00007fffc4135000 	/System/Library/Frameworks/OpenGL.framework/Versions/A/Libraries/libGLImage.dylib
0x00007fffc4113000 	/System/Library/Frameworks/OpenGL.framework/Versions/A/Libraries/libCVMSPluginSupport.dylib
0x00007fffc411a000 	/System/Library/Frameworks/OpenGL.framework/Versions/A/Libraries/libCoreVMClient.dylib
0x00007fffcbc5d000 	/System/Library/PrivateFrameworks/CrashReporterSupport.framework/Versions/A/CrashReporterSupport
0x00007fffd16b6000 	/System/Library/PrivateFrameworks/Sharing.framework/Versions/A/Sharing
0x00007fffcea41000 	/System/Library/PrivateFrameworks/IconServices.framework/Versions/A/IconServices
0x00007fffd0904000 	/System/Library/PrivateFrameworks/ProtocolBuffer.framework/Versions/A/ProtocolBuffer
0x00007fffc8f77000 	/System/Library/PrivateFrameworks/Apple80211.framework/Versions/A/Apple80211
0x00007fffc13bf000 	/System/Library/Frameworks/CoreWLAN.framework/Versions/A/CoreWLAN
0x00007fffcbad7000 	/System/Library/PrivateFrameworks/CoreUtils.framework/Versions/A/CoreUtils
0x00007fffc1b88000 	/System/Library/Frameworks/IOBluetooth.framework/Versions/A/IOBluetooth
0x00007fffcbbf7000 	/System/Library/PrivateFrameworks/CoreWiFi.framework/Versions/A/CoreWiFi
0x00007fffbf88f000 	/System/Library/Frameworks/CoreBluetooth.framework/Versions/A/CoreBluetooth
0x00007fffbfb9f000 	/System/Library/Frameworks/CoreDisplay.framework/Versions/A/CoreDisplay
0x00007fffcea2c000 	/System/Library/PrivateFrameworks/IOPresentment.framework/Versions/A/IOPresentment
0x00007fffcbce8000 	/System/Library/PrivateFrameworks/DSExternalDisplay.framework/Versions/A/DSExternalDisplay
0x00007fffcbdd3000 	/System/Library/PrivateFrameworks/DebugSymbols.framework/Versions/A/DebugSymbols
0x00007fffcb907000 	/System/Library/PrivateFrameworks/CoreSymbolication.framework/Versions/A/CoreSymbolication
0x00007fffd22a1000 	/System/Library/PrivateFrameworks/Symbolication.framework/Versions/A/Symbolication
0x00007fffc8f9a000 	/System/Library/PrivateFrameworks/AppleFSCompression.framework/Versions/A/AppleFSCompression
0x00007fffd1ba9000 	/System/Library/PrivateFrameworks/SpeechRecognitionCore.framework/Versions/A/SpeechRecognitionCore
0x00007fffca25d000 	/System/Library/PrivateFrameworks/ChunkingLibrary.framework/Versions/A/ChunkingLibrary
0x00000001079cf000 	/Library/Java/JavaVirtualMachines/jdk-9.0.1.jdk/Contents/Home/lib/server/libjvm.dylib
0x00007fffd519f000 	/usr/lib/libstdc++.6.dylib
0x0000000108671000 	/Library/Java/JavaVirtualMachines/jdk-9.0.1.jdk/Contents/Home/lib/libverify.dylib
0x000000010867e000 	/Library/Java/JavaVirtualMachines/jdk-9.0.1.jdk/Contents/Home/lib/libjava.dylib
0x00000001086b4000 	/Library/Java/JavaVirtualMachines/jdk-9.0.1.jdk/Contents/Home/lib/libinstrument.dylib
0x0000000108709000 	/Library/Java/JavaVirtualMachines/jdk-9.0.1.jdk/Contents/Home/lib/libzip.dylib
0x0000000108711000 	/Library/Java/JavaVirtualMachines/jdk-9.0.1.jdk/Contents/Home/lib/libjimage.dylib
0x000000012aacf000 	/Library/Java/JavaVirtualMachines/jdk-9.0.1.jdk/Contents/Home/lib/libnio.dylib
0x000000012aadf000 	/Library/Java/JavaVirtualMachines/jdk-9.0.1.jdk/Contents/Home/lib/./libnet.dylib
0x000000012ada0000 	/Library/Java/JavaVirtualMachines/jdk-9.0.1.jdk/Contents/Home/lib/libawt.dylib
0x000000012ae45000 	/Library/Java/JavaVirtualMachines/jdk-9.0.1.jdk/Contents/Home/lib/./libmlib_image.dylib
0x000000012aeb3000 	/System/Library/Frameworks/JavaVM.framework/Versions/A/Frameworks/JavaNativeFoundation.framework/Versions/A/JavaNativeFoundation
0x000000012aec8000 	/System/Library/Frameworks/JavaVM.framework/Versions/A/Frameworks/JavaRuntimeSupport.framework/Versions/A/JavaRuntimeSupport
0x00000001087f3000 	/System/Library/Frameworks/JavaVM.framework/Versions/A/JavaVM
0x000000012aee2000 	/System/Library/PrivateFrameworks/JavaLaunching.framework/Versions/A/JavaLaunching
0x00007fffbf1ff000 	/System/Library/Frameworks/Carbon.framework/Versions/A/Carbon
0x00007fffbf200000 	/System/Library/Frameworks/Carbon.framework/Versions/A/Frameworks/CommonPanels.framework/Versions/A/CommonPanels
0x00007fffbf50e000 	/System/Library/Frameworks/Carbon.framework/Versions/A/Frameworks/Help.framework/Versions/A/Help
0x00007fffbf512000 	/System/Library/Frameworks/Carbon.framework/Versions/A/Frameworks/ImageCapture.framework/Versions/A/ImageCapture
0x00007fffbf5b0000 	/System/Library/Frameworks/Carbon.framework/Versions/A/Frameworks/OpenScripting.framework/Versions/A/OpenScripting
0x00007fffbf5cb000 	/System/Library/Frameworks/Carbon.framework/Versions/A/Frameworks/Print.framework/Versions/A/Print
0x00007fffbf5cd000 	/System/Library/Frameworks/Carbon.framework/Versions/A/Frameworks/SecurityHI.framework/Versions/A/SecurityHI
0x000000012aeee000 	/Library/Java/JavaVirtualMachines/jdk-9.0.1.jdk/Contents/Home/lib/libawt_lwawt.dylib
0x000000012afae000 	/Library/Java/JavaVirtualMachines/jdk-9.0.1.jdk/Contents/Home/lib/./libosxapp.dylib
0x00007fffc16c2000 	/System/Library/Frameworks/ExceptionHandling.framework/Versions/A/ExceptionHandling
0x000000012b1b7000 	/Library/Java/JavaVirtualMachines/jdk-9.0.1.jdk/Contents/Home/lib/libfontmanager.dylib
0x00007fffcb646000 	/System/Library/PrivateFrameworks/CoreServicesInternal.framework/Versions/A/CoreServicesInternal
0x00007fffba8fe000 	/System/Library/CoreServices/RawCamera.bundle/Contents/MacOS/RawCamera
0x00007fffbc7aa000 	/System/Library/Frameworks/Accelerate.framework/Versions/A/Frameworks/vImage.framework/Versions/A/Libraries/libCGInterfaces.dylib
0x00007fffbe852000 	/System/Library/Frameworks/ApplicationServices.framework/Versions/A/Frameworks/ATS.framework/Versions/A/Resources/libTrueTypeScaler.dylib
0x000000012e85d000 	/System/Library/Frameworks/OpenGL.framework/Resources/GLEngine.bundle/GLEngine
0x00007fffc4172000 	/System/Library/Frameworks/OpenGL.framework/Versions/A/Libraries/libGLProgrammability.dylib
0x000000012ea42000 	/System/Library/Extensions/AppleIntelKBLGraphicsGLDriver.bundle/Contents/MacOS/AppleIntelKBLGraphicsGLDriver
0x00007fffcd9a1000 	/System/Library/PrivateFrameworks/GPUSupport.framework/Versions/A/Libraries/libGPUSupportMercury.dylib
0x000000012f7c5000 	/System/Library/Frameworks/OpenGL.framework/Resources//GLRendererFloat.bundle/GLRendererFloat
0x00007fffc4095000 	/System/Library/Frameworks/OpenCL.framework/Versions/A/Libraries/libcldcpuengine.dylib
0x00007fffd4151000 	/usr/lib/libcrypto.0.9.8.dylib
0x00007fffd2920000 	/System/Library/PrivateFrameworks/TrustEvaluationAgent.framework/Versions/A/TrustEvaluationAgent
0x000000012f7f9000 	/System/Library/Extensions/AppleIntelKBLGraphicsMTLDriver.bundle/Contents/MacOS/AppleIntelKBLGraphicsMTLDriver
0x00000001318ce000 	/Library/Java/JavaVirtualMachines/jdk-9.0.1.jdk/Contents/Home/lib/libosxui.dylib
0x00007fffd3581000 	/System/Library/PrivateFrameworks/ViewBridge.framework/Versions/A/ViewBridge
0x00007fffd3a8c000 	/System/Library/PrivateFrameworks/XPCService.framework/Versions/A/XPCService
0x00007fffc8f69000 	/System/Library/PrivateFrameworks/AppSandbox.framework/Versions/A/AppSandbox
0x00007fffd4fa6000 	/usr/lib/libsandbox.1.dylib
0x00007fffc8f4d000 	/System/Library/PrivateFrameworks/AppContainer.framework/Versions/A/AppContainer
0x00007fffd1624000 	/System/Library/PrivateFrameworks/SecCodeWrapper.framework/Versions/A/SecCodeWrapper
0x00007fffd3ea4000 	/usr/lib/libMatch.1.dylib
0x0000000198e39000 	/Users/samuel/Downloads/LeapDeveloperKit_2.3.1+31549_mac/LeapSDK/lib/libLeapJava.dylib
0x0000000198e92000 	/Users/samuel/Downloads/LeapDeveloperKit_2.3.1+31549_mac/LeapSDK/lib/libLeap.dylib
0x0000000198fa4000 	/Library/Java/JavaVirtualMachines/jdk-9.0.1.jdk/Contents/Home/lib/libjavajpeg.dylib

VM Arguments:
jvm_args: -Djava.library.path=/Users/samuel/Downloads/LeapDeveloperKit_2.3.1+31549_mac/LeapSDK/lib -javaagent:/Applications/IntelliJ IDEA CE.app/Contents/lib/idea_rt.jar=56241:/Applications/IntelliJ IDEA CE.app/Contents/bin -Dfile.encoding=UTF-8 
java_command: leapCode.MainWindow
java_class_path (initial): /Users/samuel/Desktop/AppMuseo/out/production/AppMuseo:/Applications/IntelliJ IDEA CE.app/Contents/plugins/Kotlin/kotlinc/lib/kotlin-stdlib.jar:/Applications/IntelliJ IDEA CE.app/Contents/plugins/Kotlin/kotlinc/lib/kotlin-reflect.jar:/Applications/IntelliJ IDEA CE.app/Contents/plugins/Kotlin/kotlinc/lib/kotlin-test.jar:/Applications/IntelliJ IDEA CE.app/Contents/plugins/Kotlin/kotlinc/lib/kotlin-stdlib-jdk7.jar:/Applications/IntelliJ IDEA CE.app/Contents/plugins/Kotlin/kotlinc/lib/kotlin-stdlib-jdk8.jar:/Users/samuel/Downloads/LeapDeveloperKit_2.3.1+31549_mac/LeapSDK/lib/LeapJava.jar
Launcher Type: SUN_STANDARD

Logging:
Log output configuration:
#0: stdout all=warning uptime,level,tags
#1: stderr all=off uptime,level,tags

Environment Variables:
PATH=/Library/Frameworks/Python.framework/Versions/3.6/bin:/opt/local/bin:/opt/local/sbin:/usr/local/bin:/usr/bin:/bin:/usr/sbin:/sbin:/Library/TeX/texbin
SHELL=/bin/bash

Signal Handlers:
SIGSEGV: [libjvm.dylib+0x73e2dc], sa_mask[0]=11111111011111110111111111111111, sa_flags=SA_ONSTACK|SA_RESTART|SA_SIGINFO
SIGBUS: [libjvm.dylib+0x73e2dc], sa_mask[0]=11111111011111110111111111111111, sa_flags=SA_RESTART|SA_SIGINFO
SIGFPE: [libjvm.dylib+0x73e2dc], sa_mask[0]=11111111011111110111111111111111, sa_flags=SA_RESTART|SA_SIGINFO
SIGPIPE: [libjvm.dylib+0x5f15ac], sa_mask[0]=11111111011111110111111111111111, sa_flags=SA_RESTART|SA_SIGINFO
SIGXFSZ: [libjvm.dylib+0x5f15ac], sa_mask[0]=11111111011111110111111111111111, sa_flags=SA_RESTART|SA_SIGINFO
SIGILL: [libjvm.dylib+0x73e2dc], sa_mask[0]=11111111011111110111111111111111, sa_flags=SA_RESTART|SA_SIGINFO
SIGUSR2: [libjvm.dylib+0x5f1e3c], sa_mask[0]=00100000000000000000000000000000, sa_flags=SA_RESTART|SA_SIGINFO
SIGHUP: [libjvm.dylib+0x5f0679], sa_mask[0]=11111111011111110111111111111111, sa_flags=SA_RESTART|SA_SIGINFO
SIGINT: [libjvm.dylib+0x5f0679], sa_mask[0]=11111111011111110111111111111111, sa_flags=SA_RESTART|SA_SIGINFO
SIGTERM: [libjvm.dylib+0x5f0679], sa_mask[0]=11111111011111110111111111111111, sa_flags=SA_RESTART|SA_SIGINFO
SIGQUIT: [libjvm.dylib+0x5f0679], sa_mask[0]=11111111011111110111111111111111, sa_flags=SA_RESTART|SA_SIGINFO


---------------  S Y S T E M  ---------------

OS:uname:Darwin 16.7.0 Darwin Kernel Version 16.7.0: Thu Jun 15 17:36:27 PDT 2017; root:xnu-3789.70.16~2/RELEASE_X86_64 x86_64
rlimit: STACK 8192k, CORE 0k, NPROC 709, NOFILE 10240, AS infinity
load average:1.80 1.95 1.91

CPU:total 4 (initial active 4) (2 cores per cpu, 2 threads per core) family 6 model 142 stepping 9, cmov, cx8, fxsr, mmx, sse, sse2, sse3, ssse3, sse4.1, sse4.2, popcnt, avx, avx2, aes, clmul, erms, 3dnowpref, lzcnt, ht, tsc, tscinvbit, bmi1, bmi2, adx, fma

Memory: 4k page, physical 8388608k(22236k free)

vm_info: Java HotSpot(TM) 64-Bit Server VM (9.0.1+11) for bsd-amd64 JRE (9.0.1+11), built on Sep 28 2017 03:49:57 by "mach5one" with gcc 4.2.1 Compatible Apple LLVM 6.1.0 (clang-602.0.49)

END.
